{
"contracts\\nathancoin.sol":{"l":{"26":3,"27":3,"32":10,"37":3,"39":2,"40":2,"41":2,"42":2,"47":0,"48":0,"49":0,"58":0,"67":0,"68":0,"70":0,"71":0,"72":0,"73":0,"74":0},"path":"C:\\Users\\Nathaniel\\Documents\\Webisoft\\Tutorial\\Solidity-coin\\contracts\\nathancoin.sol","s":{"1":3,"2":3,"3":10,"4":3,"5":2,"6":2,"7":2,"8":2,"9":0,"10":0,"11":0,"12":0,"13":0,"14":0,"15":0,"16":0,"17":0,"18":0,"19":0},"b":{"1":[2,1],"2":[0,0],"3":[0,0]},"f":{"1":3,"2":10,"3":3,"4":0,"5":0,"6":0},"fnMap":{"1":{"name":"constructor","line":25,"loc":{"start":{"line":25,"column":4},"end":{"line":28,"column":4}}},"2":{"name":"balanceOf","line":31,"loc":{"start":{"line":31,"column":4},"end":{"line":33,"column":4}}},"3":{"name":"transfer","line":36,"loc":{"start":{"line":36,"column":4},"end":{"line":43,"column":4}}},"4":{"name":"approve","line":46,"loc":{"start":{"line":46,"column":4},"end":{"line":50,"column":4}}},"5":{"name":"getAllowance","line":53,"loc":{"start":{"line":53,"column":4},"end":{"line":59,"column":4}}},"6":{"name":"transferFrom","line":62,"loc":{"start":{"line":62,"column":4},"end":{"line":75,"column":4}}}},"statementMap":{"1":{"start":{"line":26,"column":8},"end":{"line":26,"column":41}},"2":{"start":{"line":27,"column":8},"end":{"line":27,"column":25}},"3":{"start":{"line":32,"column":8},"end":{"line":32,"column":32}},"4":{"start":{"line":37,"column":8},"end":{"line":37,"column":67}},"5":{"start":{"line":39,"column":8},"end":{"line":39,"column":36}},"6":{"start":{"line":40,"column":8},"end":{"line":40,"column":28}},"7":{"start":{"line":41,"column":8},"end":{"line":41,"column":44}},"8":{"start":{"line":42,"column":8},"end":{"line":42,"column":19}},"9":{"start":{"line":47,"column":8},"end":{"line":47,"column":43}},"10":{"start":{"line":48,"column":8},"end":{"line":48,"column":49}},"11":{"start":{"line":49,"column":8},"end":{"line":49,"column":19}},"12":{"start":{"line":58,"column":8},"end":{"line":58,"column":39}},"13":{"start":{"line":67,"column":8},"end":{"line":67,"column":61}},"14":{"start":{"line":68,"column":8},"end":{"line":68,"column":76}},"15":{"start":{"line":70,"column":8},"end":{"line":70,"column":30}},"16":{"start":{"line":71,"column":8},"end":{"line":71,"column":41}},"17":{"start":{"line":72,"column":8},"end":{"line":72,"column":28}},"18":{"start":{"line":73,"column":8},"end":{"line":73,"column":38}},"19":{"start":{"line":74,"column":8},"end":{"line":74,"column":19}}},"branchMap":{"1":{"line":37,"type":"if","locations":[{"start":{"line":37,"column":8},"end":{"line":37,"column":8}},{"start":{"line":37,"column":8},"end":{"line":37,"column":8}}]},"2":{"line":67,"type":"if","locations":[{"start":{"line":67,"column":8},"end":{"line":67,"column":8}},{"start":{"line":67,"column":8},"end":{"line":67,"column":8}}]},"3":{"line":68,"type":"if","locations":[{"start":{"line":68,"column":8},"end":{"line":68,"column":8}},{"start":{"line":68,"column":8},"end":{"line":68,"column":8}}]}}}}
