TN:
SF:C:\Users\Nathaniel\Documents\Webisoft\Tutorial\Solidity-coin\contracts\nathancoin.sol
FN:25,constructor
FN:31,balanceOf
FN:36,transfer
FN:46,approve
FN:53,getAllowance
FN:62,transferFrom
FNF:6
FNH:3
FNDA:3,constructor
FNDA:10,balanceOf
FNDA:3,transfer
FNDA:0,approve
FNDA:0,getAllowance
FNDA:0,transferFrom
DA:26,3
DA:27,3
DA:32,10
DA:37,3
DA:39,2
DA:40,2
DA:41,2
DA:42,2
DA:47,0
DA:48,0
DA:49,0
DA:58,0
DA:67,0
DA:68,0
DA:70,0
DA:71,0
DA:72,0
DA:73,0
DA:74,0
LF:19
LH:8
BRDA:37,1,0,2
BRDA:37,1,1,1
BRDA:67,2,0,0
BRDA:67,2,1,0
BRDA:68,3,0,0
BRDA:68,3,1,0
BRF:6
BRH:2
end_of_record
